#! /usr/bin/vvp
:ivl_version "12.0 (stable)";
:ivl_delay_selection "TYPICAL";
:vpi_time_precision - 12;
:vpi_module "/usr/lib/x86_64-linux-gnu/ivl/system.vpi";
:vpi_module "/usr/lib/x86_64-linux-gnu/ivl/vhdl_sys.vpi";
:vpi_module "/usr/lib/x86_64-linux-gnu/ivl/vhdl_textio.vpi";
:vpi_module "/usr/lib/x86_64-linux-gnu/ivl/v2005_math.vpi";
:vpi_module "/usr/lib/x86_64-linux-gnu/ivl/va_math.vpi";
S_0x5dfe48efc490 .scope module, "tb_logic_gates" "tb_logic_gates" 2 3;
 .timescale -9 -12;
v0x5dfe48f4e6e0_0 .var "a", 0 0;
v0x5dfe48f4e7a0_0 .net "and_y", 0 0, L_0x5dfe48f4ee90;  1 drivers
v0x5dfe48f4e840_0 .var "b", 0 0;
v0x5dfe48f4e8e0_0 .var/i "i", 31 0;
v0x5dfe48f4e980_0 .net "nand_y", 0 0, L_0x5dfe48f4f2e0;  1 drivers
v0x5dfe48f4ea20_0 .net "nor_y", 0 0, L_0x5dfe48f4f350;  1 drivers
v0x5dfe48f4eac0_0 .net "not_a_y", 0 0, L_0x5dfe48f4f060;  1 drivers
v0x5dfe48f4eb90_0 .net "or_y", 0 0, L_0x5dfe48f4efa0;  1 drivers
v0x5dfe48f4ec60_0 .net "xnor_y", 0 0, L_0x5dfe48f4f450;  1 drivers
v0x5dfe48f4edc0_0 .net "xor_y", 0 0, L_0x5dfe48f4f1b0;  1 drivers
S_0x5dfe48efc620 .scope module, "uut" "logic_gates" 2 16, 3 3 0, S_0x5dfe48efc490;
 .timescale -9 -12;
    .port_info 0 /INPUT 1 "a";
    .port_info 1 /INPUT 1 "b";
    .port_info 2 /OUTPUT 1 "and_y";
    .port_info 3 /OUTPUT 1 "or_y";
    .port_info 4 /OUTPUT 1 "not_a_y";
    .port_info 5 /OUTPUT 1 "xor_y";
    .port_info 6 /OUTPUT 1 "nand_y";
    .port_info 7 /OUTPUT 1 "nor_y";
    .port_info 8 /OUTPUT 1 "xnor_y";
L_0x5dfe48f4ee90 .functor AND 1, v0x5dfe48f4e6e0_0, v0x5dfe48f4e840_0, C4<1>, C4<1>;
L_0x5dfe48f4efa0 .functor OR 1, v0x5dfe48f4e6e0_0, v0x5dfe48f4e840_0, C4<0>, C4<0>;
L_0x5dfe48f4f060 .functor NOT 1, v0x5dfe48f4e6e0_0, C4<0>, C4<0>, C4<0>;
L_0x5dfe48f4f1b0 .functor XOR 1, v0x5dfe48f4e6e0_0, v0x5dfe48f4e840_0, C4<0>, C4<0>;
L_0x5dfe48f4f2e0 .functor NAND 1, v0x5dfe48f4e6e0_0, v0x5dfe48f4e840_0, C4<1>, C4<1>;
L_0x5dfe48f4f350 .functor NOR 1, v0x5dfe48f4e6e0_0, v0x5dfe48f4e840_0, C4<0>, C4<0>;
L_0x5dfe48f4f450 .functor XNOR 1, v0x5dfe48f4e6e0_0, v0x5dfe48f4e840_0, C4<0>, C4<0>;
v0x5dfe48f35a50_0 .net "a", 0 0, v0x5dfe48f4e6e0_0;  1 drivers
v0x5dfe48f4df90_0 .net "and_y", 0 0, L_0x5dfe48f4ee90;  alias, 1 drivers
v0x5dfe48f4e050_0 .net "b", 0 0, v0x5dfe48f4e840_0;  1 drivers
v0x5dfe48f4e0f0_0 .net "nand_y", 0 0, L_0x5dfe48f4f2e0;  alias, 1 drivers
v0x5dfe48f4e1b0_0 .net "nor_y", 0 0, L_0x5dfe48f4f350;  alias, 1 drivers
v0x5dfe48f4e2c0_0 .net "not_a_y", 0 0, L_0x5dfe48f4f060;  alias, 1 drivers
v0x5dfe48f4e380_0 .net "or_y", 0 0, L_0x5dfe48f4efa0;  alias, 1 drivers
v0x5dfe48f4e440_0 .net "xnor_y", 0 0, L_0x5dfe48f4f450;  alias, 1 drivers
v0x5dfe48f4e500_0 .net "xor_y", 0 0, L_0x5dfe48f4f1b0;  alias, 1 drivers
    .scope S_0x5dfe48efc490;
T_0 ;
    %vpi_call 2 29 "$dumpfile", "lab02_logic_gates.vcd" {0 0 0};
    %vpi_call 2 30 "$dumpvars", 32'sb00000000000000000000000000000000, S_0x5dfe48efc490 {0 0 0};
    %vpi_call 2 32 "$display", "a b | and or not_a xor nand nor xnor" {0 0 0};
    %vpi_call 2 33 "$display", "-------------------------------------" {0 0 0};
    %pushi/vec4 0, 0, 32;
    %store/vec4 v0x5dfe48f4e8e0_0, 0, 32;
T_0.0 ;
    %load/vec4 v0x5dfe48f4e8e0_0;
    %cmpi/s 4, 0, 32;
    %jmp/0xz T_0.1, 5;
    %load/vec4 v0x5dfe48f4e8e0_0;
    %parti/s 2, 0, 2;
    %split/vec4 1;
    %store/vec4 v0x5dfe48f4e840_0, 0, 1;
    %store/vec4 v0x5dfe48f4e6e0_0, 0, 1;
    %delay 10000, 0;
    %vpi_call 2 38 "$display", "%b %b |  %b   %b    %b    %b    %b    %b    %b", v0x5dfe48f4e6e0_0, v0x5dfe48f4e840_0, v0x5dfe48f4e7a0_0, v0x5dfe48f4eb90_0, v0x5dfe48f4eac0_0, v0x5dfe48f4edc0_0, v0x5dfe48f4e980_0, v0x5dfe48f4ea20_0, v0x5dfe48f4ec60_0 {0 0 0};
    %load/vec4 v0x5dfe48f4e8e0_0;
    %addi 1, 0, 32;
    %store/vec4 v0x5dfe48f4e8e0_0, 0, 32;
    %jmp T_0.0;
T_0.1 ;
    %vpi_call 2 42 "$finish" {0 0 0};
    %end;
    .thread T_0;
# The file index is used to find the file name in the following table.
:file_names 4;
    "N/A";
    "<interactive>";
    "tb_logic_gates.v";
    "logic_gates.v";
