#! /usr/bin/vvp
:ivl_version "12.0 (stable)";
:ivl_delay_selection "TYPICAL";
:vpi_time_precision - 12;
:vpi_module "/usr/lib/x86_64-linux-gnu/ivl/system.vpi";
:vpi_module "/usr/lib/x86_64-linux-gnu/ivl/vhdl_sys.vpi";
:vpi_module "/usr/lib/x86_64-linux-gnu/ivl/vhdl_textio.vpi";
:vpi_module "/usr/lib/x86_64-linux-gnu/ivl/v2005_math.vpi";
:vpi_module "/usr/lib/x86_64-linux-gnu/ivl/va_math.vpi";
S_0x55c31cf83850 .scope module, "tb_traffic_light_controller" "tb_traffic_light_controller" 2 3;
 .timescale -9 -12;
v0x55c31cf9deb0_0 .var "clk", 0 0;
v0x55c31cf9df70_0 .net "main_light", 2 0, v0x55c31cf9d800_0;  1 drivers
v0x55c31cf9e040_0 .var "ped_request", 0 0;
v0x55c31cf9e140_0 .var "reset", 0 0;
v0x55c31cf9e210_0 .net "side_light", 2 0, v0x55c31cf9da90_0;  1 drivers
v0x55c31cf9e2b0_0 .net "walk_light", 0 0, v0x55c31cf9dd30_0;  1 drivers
S_0x55c31cf839e0 .scope module, "uut" "traffic_light_controller" 2 11, 3 3 0, S_0x55c31cf83850;
 .timescale -9 -12;
    .port_info 0 /INPUT 1 "clk";
    .port_info 1 /INPUT 1 "reset";
    .port_info 2 /INPUT 1 "ped_request";
    .port_info 3 /OUTPUT 3 "main_light";
    .port_info 4 /OUTPUT 3 "side_light";
    .port_info 5 /OUTPUT 1 "walk_light";
P_0x55c31cf42490 .param/l "GREEN" 1 3 13, C4<001>;
P_0x55c31cf424d0 .param/l "MAIN_GREEN" 1 3 15, C4<00>;
P_0x55c31cf42510 .param/l "MAIN_GREEN_NORMAL_TICKS" 1 3 20, C4<0110>;
P_0x55c31cf42550 .param/l "MAIN_GREEN_REQUEST_TICKS" 1 3 21, C4<0011>;
P_0x55c31cf42590 .param/l "MAIN_YELLOW" 1 3 16, C4<01>;
P_0x55c31cf425d0 .param/l "RED" 1 3 11, C4<100>;
P_0x55c31cf42610 .param/l "SIDE_GREEN" 1 3 17, C4<10>;
P_0x55c31cf42650 .param/l "SIDE_GREEN_TICKS" 1 3 23, C4<0100>;
P_0x55c31cf42690 .param/l "SIDE_YELLOW" 1 3 18, C4<11>;
P_0x55c31cf426d0 .param/l "YELLOW" 1 3 12, C4<010>;
P_0x55c31cf42710 .param/l "YELLOW_TICKS" 1 3 22, C4<0010>;
v0x55c31cf83bc0_0 .net "clk", 0 0, v0x55c31cf9deb0_0;  1 drivers
v0x55c31cf9d720_0 .var "limit", 3 0;
v0x55c31cf9d800_0 .var "main_light", 2 0;
v0x55c31cf9d8c0_0 .net "ped_request", 0 0, v0x55c31cf9e040_0;  1 drivers
v0x55c31cf9d980_0 .net "reset", 0 0, v0x55c31cf9e140_0;  1 drivers
v0x55c31cf9da90_0 .var "side_light", 2 0;
v0x55c31cf9db70_0 .var "state", 1 0;
v0x55c31cf9dc50_0 .var "timer", 3 0;
v0x55c31cf9dd30_0 .var "walk_light", 0 0;
E_0x55c31cf840d0 .event posedge, v0x55c31cf9d980_0, v0x55c31cf83bc0_0;
E_0x55c31cf848e0 .event anyedge, v0x55c31cf9db70_0, v0x55c31cf9d8c0_0;
    .scope S_0x55c31cf839e0;
T_0 ;
    %wait E_0x55c31cf848e0;
    %load/vec4 v0x55c31cf9db70_0;
    %dup/vec4;
    %pushi/vec4 0, 0, 2;
    %cmp/u;
    %jmp/1 T_0.0, 6;
    %dup/vec4;
    %pushi/vec4 1, 0, 2;
    %cmp/u;
    %jmp/1 T_0.1, 6;
    %dup/vec4;
    %pushi/vec4 2, 0, 2;
    %cmp/u;
    %jmp/1 T_0.2, 6;
    %dup/vec4;
    %pushi/vec4 3, 0, 2;
    %cmp/u;
    %jmp/1 T_0.3, 6;
    %pushi/vec4 1, 0, 3;
    %store/vec4 v0x55c31cf9d800_0, 0, 3;
    %pushi/vec4 4, 0, 3;
    %store/vec4 v0x55c31cf9da90_0, 0, 3;
    %pushi/vec4 0, 0, 1;
    %store/vec4 v0x55c31cf9dd30_0, 0, 1;
    %pushi/vec4 6, 0, 4;
    %store/vec4 v0x55c31cf9d720_0, 0, 4;
    %jmp T_0.5;
T_0.0 ;
    %pushi/vec4 1, 0, 3;
    %store/vec4 v0x55c31cf9d800_0, 0, 3;
    %pushi/vec4 4, 0, 3;
    %store/vec4 v0x55c31cf9da90_0, 0, 3;
    %pushi/vec4 0, 0, 1;
    %store/vec4 v0x55c31cf9dd30_0, 0, 1;
    %load/vec4 v0x55c31cf9d8c0_0;
    %flag_set/vec4 8;
    %jmp/0 T_0.6, 8;
    %pushi/vec4 3, 0, 4;
    %jmp/1 T_0.7, 8;
T_0.6 ; End of true expr.
    %pushi/vec4 6, 0, 4;
    %jmp/0 T_0.7, 8;
 ; End of false expr.
    %blend;
T_0.7;
    %store/vec4 v0x55c31cf9d720_0, 0, 4;
    %jmp T_0.5;
T_0.1 ;
    %pushi/vec4 2, 0, 3;
    %store/vec4 v0x55c31cf9d800_0, 0, 3;
    %pushi/vec4 4, 0, 3;
    %store/vec4 v0x55c31cf9da90_0, 0, 3;
    %pushi/vec4 0, 0, 1;
    %store/vec4 v0x55c31cf9dd30_0, 0, 1;
    %pushi/vec4 2, 0, 4;
    %store/vec4 v0x55c31cf9d720_0, 0, 4;
    %jmp T_0.5;
T_0.2 ;
    %pushi/vec4 4, 0, 3;
    %store/vec4 v0x55c31cf9d800_0, 0, 3;
    %pushi/vec4 1, 0, 3;
    %store/vec4 v0x55c31cf9da90_0, 0, 3;
    %pushi/vec4 1, 0, 1;
    %store/vec4 v0x55c31cf9dd30_0, 0, 1;
    %pushi/vec4 4, 0, 4;
    %store/vec4 v0x55c31cf9d720_0, 0, 4;
    %jmp T_0.5;
T_0.3 ;
    %pushi/vec4 4, 0, 3;
    %store/vec4 v0x55c31cf9d800_0, 0, 3;
    %pushi/vec4 2, 0, 3;
    %store/vec4 v0x55c31cf9da90_0, 0, 3;
    %pushi/vec4 0, 0, 1;
    %store/vec4 v0x55c31cf9dd30_0, 0, 1;
    %pushi/vec4 2, 0, 4;
    %store/vec4 v0x55c31cf9d720_0, 0, 4;
    %jmp T_0.5;
T_0.5 ;
    %pop/vec4 1;
    %jmp T_0;
    .thread T_0, $push;
    .scope S_0x55c31cf839e0;
T_1 ;
    %wait E_0x55c31cf840d0;
    %load/vec4 v0x55c31cf9d980_0;
    %flag_set/vec4 8;
    %jmp/0xz  T_1.0, 8;
    %pushi/vec4 0, 0, 2;
    %assign/vec4 v0x55c31cf9db70_0, 0;
    %pushi/vec4 0, 0, 4;
    %assign/vec4 v0x55c31cf9dc50_0, 0;
    %jmp T_1.1;
T_1.0 ;
    %load/vec4 v0x55c31cf9d720_0;
    %subi 1, 0, 4;
    %load/vec4 v0x55c31cf9dc50_0;
    %cmp/u;
    %flag_or 5, 4;
    %jmp/0xz  T_1.2, 5;
    %pushi/vec4 0, 0, 4;
    %assign/vec4 v0x55c31cf9dc50_0, 0;
    %load/vec4 v0x55c31cf9db70_0;
    %dup/vec4;
    %pushi/vec4 0, 0, 2;
    %cmp/u;
    %jmp/1 T_1.4, 6;
    %dup/vec4;
    %pushi/vec4 1, 0, 2;
    %cmp/u;
    %jmp/1 T_1.5, 6;
    %dup/vec4;
    %pushi/vec4 2, 0, 2;
    %cmp/u;
    %jmp/1 T_1.6, 6;
    %dup/vec4;
    %pushi/vec4 3, 0, 2;
    %cmp/u;
    %jmp/1 T_1.7, 6;
    %pushi/vec4 0, 0, 2;
    %assign/vec4 v0x55c31cf9db70_0, 0;
    %jmp T_1.9;
T_1.4 ;
    %pushi/vec4 1, 0, 2;
    %assign/vec4 v0x55c31cf9db70_0, 0;
    %jmp T_1.9;
T_1.5 ;
    %pushi/vec4 2, 0, 2;
    %assign/vec4 v0x55c31cf9db70_0, 0;
    %jmp T_1.9;
T_1.6 ;
    %pushi/vec4 3, 0, 2;
    %assign/vec4 v0x55c31cf9db70_0, 0;
    %jmp T_1.9;
T_1.7 ;
    %pushi/vec4 0, 0, 2;
    %assign/vec4 v0x55c31cf9db70_0, 0;
    %jmp T_1.9;
T_1.9 ;
    %pop/vec4 1;
    %jmp T_1.3;
T_1.2 ;
    %load/vec4 v0x55c31cf9dc50_0;
    %addi 1, 0, 4;
    %assign/vec4 v0x55c31cf9dc50_0, 0;
T_1.3 ;
T_1.1 ;
    %jmp T_1;
    .thread T_1;
    .scope S_0x55c31cf83850;
T_2 ;
    %pushi/vec4 0, 0, 1;
    %store/vec4 v0x55c31cf9deb0_0, 0, 1;
T_2.0 ;
    %delay 5000, 0;
    %load/vec4 v0x55c31cf9deb0_0;
    %inv;
    %store/vec4 v0x55c31cf9deb0_0, 0, 1;
    %jmp T_2.0;
    %end;
    .thread T_2;
    .scope S_0x55c31cf83850;
T_3 ;
    %vpi_call 2 26 "$dumpfile", "lab10_traffic_light.vcd" {0 0 0};
    %vpi_call 2 27 "$dumpvars", 32'sb00000000000000000000000000000000, S_0x55c31cf83850 {0 0 0};
    %vpi_call 2 29 "$display", "time reset ped state timer main side walk" {0 0 0};
    %vpi_call 2 30 "$monitor", "%4t   %b    %b    %d     %d   %b  %b   %b", $time, v0x55c31cf9e140_0, v0x55c31cf9e040_0, v0x55c31cf9db70_0, v0x55c31cf9dc50_0, v0x55c31cf9df70_0, v0x55c31cf9e210_0, v0x55c31cf9e2b0_0 {0 0 0};
    %pushi/vec4 1, 0, 1;
    %store/vec4 v0x55c31cf9e140_0, 0, 1;
    %pushi/vec4 0, 0, 1;
    %store/vec4 v0x55c31cf9e040_0, 0, 1;
    %delay 12000, 0;
    %pushi/vec4 0, 0, 1;
    %store/vec4 v0x55c31cf9e140_0, 0, 1;
    %delay 150000, 0;
    %pushi/vec4 1, 0, 1;
    %store/vec4 v0x55c31cf9e040_0, 0, 1;
    %delay 20000, 0;
    %pushi/vec4 0, 0, 1;
    %store/vec4 v0x55c31cf9e040_0, 0, 1;
    %delay 70000, 0;
    %pushi/vec4 1, 0, 1;
    %store/vec4 v0x55c31cf9e140_0, 0, 1;
    %delay 10000, 0;
    %pushi/vec4 0, 0, 1;
    %store/vec4 v0x55c31cf9e140_0, 0, 1;
    %delay 40000, 0;
    %vpi_call 2 52 "$finish" {0 0 0};
    %end;
    .thread T_3;
# The file index is used to find the file name in the following table.
:file_names 4;
    "N/A";
    "<interactive>";
    "tb_traffic_light_controller.v";
    "traffic_light_controller.v";
