#! /usr/bin/vvp
:ivl_version "12.0 (stable)";
:ivl_delay_selection "TYPICAL";
:vpi_time_precision - 12;
:vpi_module "/usr/lib/x86_64-linux-gnu/ivl/system.vpi";
:vpi_module "/usr/lib/x86_64-linux-gnu/ivl/vhdl_sys.vpi";
:vpi_module "/usr/lib/x86_64-linux-gnu/ivl/vhdl_textio.vpi";
:vpi_module "/usr/lib/x86_64-linux-gnu/ivl/v2005_math.vpi";
:vpi_module "/usr/lib/x86_64-linux-gnu/ivl/va_math.vpi";
S_0x5a210d3ff900 .scope module, "tb_hello_logic" "tb_hello_logic" 2 3;
 .timescale -9 -12;
v0x5a210d4161d0_0 .var "a", 0 0;
v0x5a210d416290_0 .net "and_y", 0 0, L_0x5a210d416750;  1 drivers
v0x5a210d416330_0 .var "b", 0 0;
v0x5a210d4163d0_0 .var/i "i", 31 0;
v0x5a210d416470_0 .net "nand_y", 0 0, L_0x5a210d416bf0;  1 drivers
v0x5a210d416510_0 .net "nor_y", 0 0, L_0x5a210d416d10;  1 drivers
v0x5a210d4165b0_0 .net "or_y", 0 0, L_0x5a210d4168b0;  1 drivers
v0x5a210d416680_0 .net "xor_y", 0 0, L_0x5a210d416970;  1 drivers
S_0x5a210d3ffa90 .scope module, "uut" "hello_logic" 2 14, 3 3 0, S_0x5a210d3ff900;
 .timescale -9 -12;
    .port_info 0 /INPUT 1 "a";
    .port_info 1 /INPUT 1 "b";
    .port_info 2 /OUTPUT 1 "and_y";
    .port_info 3 /OUTPUT 1 "or_y";
    .port_info 4 /OUTPUT 1 "xor_y";
    .port_info 5 /OUTPUT 1 "nand_y";
    .port_info 6 /OUTPUT 1 "nor_y";
L_0x5a210d416750 .functor AND 1, v0x5a210d4161d0_0, v0x5a210d416330_0, C4<1>, C4<1>;
L_0x5a210d4168b0 .functor OR 1, v0x5a210d4161d0_0, v0x5a210d416330_0, C4<0>, C4<0>;
L_0x5a210d416970 .functor XOR 1, v0x5a210d4161d0_0, v0x5a210d416330_0, C4<0>, C4<0>;
L_0x5a210d416b50 .functor AND 1, v0x5a210d4161d0_0, v0x5a210d416330_0, C4<1>, C4<1>;
L_0x5a210d416bf0 .functor NOT 1, L_0x5a210d416b50, C4<0>, C4<0>, C4<0>;
L_0x5a210d416c60 .functor OR 1, v0x5a210d4161d0_0, v0x5a210d416330_0, C4<0>, C4<0>;
L_0x5a210d416d10 .functor NOT 1, L_0x5a210d416c60, C4<0>, C4<0>, C4<0>;
v0x5a210d3c5490_0 .net *"_ivl_10", 0 0, L_0x5a210d416c60;  1 drivers
v0x5a210d415aa0_0 .net *"_ivl_6", 0 0, L_0x5a210d416b50;  1 drivers
v0x5a210d415b80_0 .net "a", 0 0, v0x5a210d4161d0_0;  1 drivers
v0x5a210d415c20_0 .net "and_y", 0 0, L_0x5a210d416750;  alias, 1 drivers
v0x5a210d415ce0_0 .net "b", 0 0, v0x5a210d416330_0;  1 drivers
v0x5a210d415df0_0 .net "nand_y", 0 0, L_0x5a210d416bf0;  alias, 1 drivers
v0x5a210d415eb0_0 .net "nor_y", 0 0, L_0x5a210d416d10;  alias, 1 drivers
v0x5a210d415f70_0 .net "or_y", 0 0, L_0x5a210d4168b0;  alias, 1 drivers
v0x5a210d416030_0 .net "xor_y", 0 0, L_0x5a210d416970;  alias, 1 drivers
    .scope S_0x5a210d3ff900;
T_0 ;
    %vpi_call 2 25 "$dumpfile", "lab01_hello_logic.vcd" {0 0 0};
    %vpi_call 2 26 "$dumpvars", 32'sb00000000000000000000000000000000, S_0x5a210d3ff900 {0 0 0};
    %vpi_call 2 28 "$display", "a b | and or xor nand nor" {0 0 0};
    %vpi_call 2 29 "$display", "-------------------------" {0 0 0};
    %pushi/vec4 0, 0, 32;
    %store/vec4 v0x5a210d4163d0_0, 0, 32;
T_0.0 ;
    %load/vec4 v0x5a210d4163d0_0;
    %cmpi/s 4, 0, 32;
    %jmp/0xz T_0.1, 5;
    %load/vec4 v0x5a210d4163d0_0;
    %parti/s 2, 0, 2;
    %split/vec4 1;
    %store/vec4 v0x5a210d416330_0, 0, 1;
    %store/vec4 v0x5a210d4161d0_0, 0, 1;
    %delay 10000, 0;
    %vpi_call 2 34 "$display", "%b %b |  %b   %b   %b   %b   %b", v0x5a210d4161d0_0, v0x5a210d416330_0, v0x5a210d416290_0, v0x5a210d4165b0_0, v0x5a210d416680_0, v0x5a210d416470_0, v0x5a210d416510_0 {0 0 0};
    %load/vec4 v0x5a210d4163d0_0;
    %addi 1, 0, 32;
    %store/vec4 v0x5a210d4163d0_0, 0, 32;
    %jmp T_0.0;
T_0.1 ;
    %vpi_call 2 37 "$finish" {0 0 0};
    %end;
    .thread T_0;
# The file index is used to find the file name in the following table.
:file_names 4;
    "N/A";
    "<interactive>";
    "tb_hello_logic.v";
    "hello_logic.v";
