#! /usr/bin/vvp
:ivl_version "12.0 (stable)";
:ivl_delay_selection "TYPICAL";
:vpi_time_precision - 12;
:vpi_module "/usr/lib/x86_64-linux-gnu/ivl/system.vpi";
:vpi_module "/usr/lib/x86_64-linux-gnu/ivl/vhdl_sys.vpi";
:vpi_module "/usr/lib/x86_64-linux-gnu/ivl/vhdl_textio.vpi";
:vpi_module "/usr/lib/x86_64-linux-gnu/ivl/v2005_math.vpi";
:vpi_module "/usr/lib/x86_64-linux-gnu/ivl/va_math.vpi";
S_0x63d5c7cc4d30 .scope module, "tb_school_zone_controller" "tb_school_zone_controller" 2 3;
 .timescale -9 -12;
L_0x63d5c7caf300 .functor AND 1, L_0x63d5c7ce78b0, L_0x63d5c7ce79d0, C4<1>, C4<1>;
L_0x73bf9b6ce018 .functor BUFT 1, C4<001>, C4<0>, C4<0>, C4<0>;
v0x63d5c7ce6c50_0 .net/2u *"_ivl_0", 2 0, L_0x73bf9b6ce018;  1 drivers
v0x63d5c7ce6d50_0 .net *"_ivl_2", 0 0, L_0x63d5c7ce78b0;  1 drivers
L_0x73bf9b6ce060 .functor BUFT 1, C4<001>, C4<0>, C4<0>, C4<0>;
v0x63d5c7ce6e10_0 .net/2u *"_ivl_4", 2 0, L_0x73bf9b6ce060;  1 drivers
v0x63d5c7ce6ed0_0 .net *"_ivl_6", 0 0, L_0x63d5c7ce79d0;  1 drivers
v0x63d5c7ce6f90_0 .net *"_ivl_9", 0 0, L_0x63d5c7caf300;  1 drivers
v0x63d5c7ce7050_0 .var "clk", 0 0;
v0x63d5c7ce70f0_0 .net "main_light", 2 0, v0x63d5c7ce60c0_0;  1 drivers
v0x63d5c7ce7190_0 .var "ped_request", 0 0;
v0x63d5c7ce7230_0 .var "reset", 0 0;
v0x63d5c7ce7300_0 .net "safe", 0 0, L_0x63d5c7ce7bb0;  1 drivers
v0x63d5c7ce73a0_0 .net "school_warning", 0 0, v0x63d5c7ce6410_0;  1 drivers
v0x63d5c7ce7470_0 .var "school_zone", 0 0;
v0x63d5c7ce7540_0 .net "side_light", 2 0, v0x63d5c7ce6590_0;  1 drivers
v0x63d5c7ce7610_0 .net "state_dbg", 2 0, L_0x63d5c7ce7ca0;  1 drivers
v0x63d5c7ce76e0_0 .net "timer_dbg", 3 0, L_0x63d5c7ce7d60;  1 drivers
v0x63d5c7ce77b0_0 .net "walk_light", 0 0, v0x63d5c7ce69f0_0;  1 drivers
L_0x63d5c7ce78b0 .cmp/eq 3, v0x63d5c7ce60c0_0, L_0x73bf9b6ce018;
L_0x63d5c7ce79d0 .cmp/eq 3, v0x63d5c7ce6590_0, L_0x73bf9b6ce060;
L_0x63d5c7ce7bb0 .reduce/nor L_0x63d5c7caf300;
S_0x63d5c7cc4ec0 .scope module, "uut" "school_zone_controller" 2 18, 3 3 0, S_0x63d5c7cc4d30;
 .timescale -9 -12;
    .port_info 0 /INPUT 1 "clk";
    .port_info 1 /INPUT 1 "reset";
    .port_info 2 /INPUT 1 "ped_request";
    .port_info 3 /INPUT 1 "school_zone";
    .port_info 4 /OUTPUT 3 "main_light";
    .port_info 5 /OUTPUT 3 "side_light";
    .port_info 6 /OUTPUT 1 "walk_light";
    .port_info 7 /OUTPUT 1 "school_warning";
    .port_info 8 /OUTPUT 3 "state_dbg";
    .port_info 9 /OUTPUT 4 "timer_dbg";
P_0x63d5c7c7f490 .param/l "ALL_RED_TICKS" 1 3 29, C4<0001>;
P_0x63d5c7c7f4d0 .param/l "ALL_RED_TO_MAIN" 1 3 24, C4<101>;
P_0x63d5c7c7f510 .param/l "ALL_RED_TO_SIDE" 1 3 21, C4<010>;
P_0x63d5c7c7f550 .param/l "GREEN" 1 3 17, C4<001>;
P_0x63d5c7c7f590 .param/l "MAIN_GREEN" 1 3 19, C4<000>;
P_0x63d5c7c7f5d0 .param/l "MAIN_GREEN_NORMAL_TICKS" 1 3 26, C4<1000>;
P_0x63d5c7c7f610 .param/l "MAIN_GREEN_PED_TICKS" 1 3 27, C4<0011>;
P_0x63d5c7c7f650 .param/l "MAIN_YELLOW" 1 3 20, C4<001>;
P_0x63d5c7c7f690 .param/l "RED" 1 3 15, C4<100>;
P_0x63d5c7c7f6d0 .param/l "SIDE_GREEN" 1 3 22, C4<011>;
P_0x63d5c7c7f710 .param/l "SIDE_GREEN_NORMAL_TICKS" 1 3 30, C4<0100>;
P_0x63d5c7c7f750 .param/l "SIDE_GREEN_SCHOOL_TICKS" 1 3 31, C4<0111>;
P_0x63d5c7c7f790 .param/l "SIDE_YELLOW" 1 3 23, C4<100>;
P_0x63d5c7c7f7d0 .param/l "YELLOW" 1 3 16, C4<010>;
P_0x63d5c7c7f810 .param/l "YELLOW_TICKS" 1 3 28, C4<0010>;
L_0x63d5c7ce7ca0 .functor BUFZ 3, v0x63d5c7ce6670_0, C4<000>, C4<000>, C4<000>;
L_0x63d5c7ce7d60 .functor BUFZ 4, v0x63d5c7ce6830_0, C4<0000>, C4<0000>, C4<0000>;
v0x63d5c7cb2650_0 .net "clk", 0 0, v0x63d5c7ce7050_0;  1 drivers
v0x63d5c7ce5fe0_0 .var "limit", 3 0;
v0x63d5c7ce60c0_0 .var "main_light", 2 0;
v0x63d5c7ce6180_0 .var "ped_pending", 0 0;
v0x63d5c7ce6240_0 .net "ped_request", 0 0, v0x63d5c7ce7190_0;  1 drivers
v0x63d5c7ce6350_0 .net "reset", 0 0, v0x63d5c7ce7230_0;  1 drivers
v0x63d5c7ce6410_0 .var "school_warning", 0 0;
v0x63d5c7ce64d0_0 .net "school_zone", 0 0, v0x63d5c7ce7470_0;  1 drivers
v0x63d5c7ce6590_0 .var "side_light", 2 0;
v0x63d5c7ce6670_0 .var "state", 2 0;
v0x63d5c7ce6750_0 .net "state_dbg", 2 0, L_0x63d5c7ce7ca0;  alias, 1 drivers
v0x63d5c7ce6830_0 .var "timer", 3 0;
v0x63d5c7ce6910_0 .net "timer_dbg", 3 0, L_0x63d5c7ce7d60;  alias, 1 drivers
v0x63d5c7ce69f0_0 .var "walk_light", 0 0;
E_0x63d5c7cb93d0 .event posedge, v0x63d5c7ce6350_0, v0x63d5c7cb2650_0;
E_0x63d5c7cbb340 .event anyedge, v0x63d5c7ce64d0_0, v0x63d5c7ce6670_0, v0x63d5c7ce6180_0, v0x63d5c7ce6240_0;
    .scope S_0x63d5c7cc4ec0;
T_0 ;
    %wait E_0x63d5c7cbb340;
    %pushi/vec4 4, 0, 3;
    %store/vec4 v0x63d5c7ce60c0_0, 0, 3;
    %pushi/vec4 4, 0, 3;
    %store/vec4 v0x63d5c7ce6590_0, 0, 3;
    %pushi/vec4 0, 0, 1;
    %store/vec4 v0x63d5c7ce69f0_0, 0, 1;
    %load/vec4 v0x63d5c7ce64d0_0;
    %store/vec4 v0x63d5c7ce6410_0, 0, 1;
    %pushi/vec4 2, 0, 4;
    %store/vec4 v0x63d5c7ce5fe0_0, 0, 4;
    %load/vec4 v0x63d5c7ce6670_0;
    %dup/vec4;
    %pushi/vec4 0, 0, 3;
    %cmp/u;
    %jmp/1 T_0.0, 6;
    %dup/vec4;
    %pushi/vec4 1, 0, 3;
    %cmp/u;
    %jmp/1 T_0.1, 6;
    %dup/vec4;
    %pushi/vec4 2, 0, 3;
    %cmp/u;
    %jmp/1 T_0.2, 6;
    %dup/vec4;
    %pushi/vec4 3, 0, 3;
    %cmp/u;
    %jmp/1 T_0.3, 6;
    %dup/vec4;
    %pushi/vec4 4, 0, 3;
    %cmp/u;
    %jmp/1 T_0.4, 6;
    %dup/vec4;
    %pushi/vec4 5, 0, 3;
    %cmp/u;
    %jmp/1 T_0.5, 6;
    %pushi/vec4 1, 0, 3;
    %store/vec4 v0x63d5c7ce60c0_0, 0, 3;
    %pushi/vec4 4, 0, 3;
    %store/vec4 v0x63d5c7ce6590_0, 0, 3;
    %pushi/vec4 8, 0, 4;
    %store/vec4 v0x63d5c7ce5fe0_0, 0, 4;
    %jmp T_0.7;
T_0.0 ;
    %pushi/vec4 1, 0, 3;
    %store/vec4 v0x63d5c7ce60c0_0, 0, 3;
    %pushi/vec4 4, 0, 3;
    %store/vec4 v0x63d5c7ce6590_0, 0, 3;
    %load/vec4 v0x63d5c7ce6180_0;
    %flag_set/vec4 8;
    %jmp/1 T_0.10, 8;
    %load/vec4 v0x63d5c7ce6240_0;
    %flag_set/vec4 9;
    %flag_or 8, 9;
T_0.10;
    %jmp/0 T_0.8, 8;
    %pushi/vec4 3, 0, 4;
    %jmp/1 T_0.9, 8;
T_0.8 ; End of true expr.
    %pushi/vec4 8, 0, 4;
    %jmp/0 T_0.9, 8;
 ; End of false expr.
    %blend;
T_0.9;
    %store/vec4 v0x63d5c7ce5fe0_0, 0, 4;
    %jmp T_0.7;
T_0.1 ;
    %pushi/vec4 2, 0, 3;
    %store/vec4 v0x63d5c7ce60c0_0, 0, 3;
    %pushi/vec4 4, 0, 3;
    %store/vec4 v0x63d5c7ce6590_0, 0, 3;
    %pushi/vec4 2, 0, 4;
    %store/vec4 v0x63d5c7ce5fe0_0, 0, 4;
    %jmp T_0.7;
T_0.2 ;
    %pushi/vec4 4, 0, 3;
    %store/vec4 v0x63d5c7ce60c0_0, 0, 3;
    %pushi/vec4 4, 0, 3;
    %store/vec4 v0x63d5c7ce6590_0, 0, 3;
    %pushi/vec4 1, 0, 4;
    %store/vec4 v0x63d5c7ce5fe0_0, 0, 4;
    %jmp T_0.7;
T_0.3 ;
    %pushi/vec4 4, 0, 3;
    %store/vec4 v0x63d5c7ce60c0_0, 0, 3;
    %pushi/vec4 1, 0, 3;
    %store/vec4 v0x63d5c7ce6590_0, 0, 3;
    %pushi/vec4 1, 0, 1;
    %store/vec4 v0x63d5c7ce69f0_0, 0, 1;
    %load/vec4 v0x63d5c7ce64d0_0;
    %flag_set/vec4 8;
    %jmp/0 T_0.11, 8;
    %pushi/vec4 7, 0, 4;
    %jmp/1 T_0.12, 8;
T_0.11 ; End of true expr.
    %pushi/vec4 4, 0, 4;
    %jmp/0 T_0.12, 8;
 ; End of false expr.
    %blend;
T_0.12;
    %store/vec4 v0x63d5c7ce5fe0_0, 0, 4;
    %jmp T_0.7;
T_0.4 ;
    %pushi/vec4 4, 0, 3;
    %store/vec4 v0x63d5c7ce60c0_0, 0, 3;
    %pushi/vec4 2, 0, 3;
    %store/vec4 v0x63d5c7ce6590_0, 0, 3;
    %pushi/vec4 2, 0, 4;
    %store/vec4 v0x63d5c7ce5fe0_0, 0, 4;
    %jmp T_0.7;
T_0.5 ;
    %pushi/vec4 4, 0, 3;
    %store/vec4 v0x63d5c7ce60c0_0, 0, 3;
    %pushi/vec4 4, 0, 3;
    %store/vec4 v0x63d5c7ce6590_0, 0, 3;
    %pushi/vec4 1, 0, 4;
    %store/vec4 v0x63d5c7ce5fe0_0, 0, 4;
    %jmp T_0.7;
T_0.7 ;
    %pop/vec4 1;
    %jmp T_0;
    .thread T_0, $push;
    .scope S_0x63d5c7cc4ec0;
T_1 ;
    %wait E_0x63d5c7cb93d0;
    %load/vec4 v0x63d5c7ce6350_0;
    %flag_set/vec4 8;
    %jmp/0xz  T_1.0, 8;
    %pushi/vec4 0, 0, 3;
    %assign/vec4 v0x63d5c7ce6670_0, 0;
    %pushi/vec4 0, 0, 4;
    %assign/vec4 v0x63d5c7ce6830_0, 0;
    %pushi/vec4 0, 0, 1;
    %assign/vec4 v0x63d5c7ce6180_0, 0;
    %jmp T_1.1;
T_1.0 ;
    %load/vec4 v0x63d5c7ce6240_0;
    %flag_set/vec4 8;
    %jmp/0xz  T_1.2, 8;
    %pushi/vec4 1, 0, 1;
    %assign/vec4 v0x63d5c7ce6180_0, 0;
T_1.2 ;
    %load/vec4 v0x63d5c7ce5fe0_0;
    %subi 1, 0, 4;
    %load/vec4 v0x63d5c7ce6830_0;
    %cmp/u;
    %flag_or 5, 4;
    %jmp/0xz  T_1.4, 5;
    %pushi/vec4 0, 0, 4;
    %assign/vec4 v0x63d5c7ce6830_0, 0;
    %load/vec4 v0x63d5c7ce6670_0;
    %dup/vec4;
    %pushi/vec4 0, 0, 3;
    %cmp/u;
    %jmp/1 T_1.6, 6;
    %dup/vec4;
    %pushi/vec4 1, 0, 3;
    %cmp/u;
    %jmp/1 T_1.7, 6;
    %dup/vec4;
    %pushi/vec4 2, 0, 3;
    %cmp/u;
    %jmp/1 T_1.8, 6;
    %dup/vec4;
    %pushi/vec4 3, 0, 3;
    %cmp/u;
    %jmp/1 T_1.9, 6;
    %dup/vec4;
    %pushi/vec4 4, 0, 3;
    %cmp/u;
    %jmp/1 T_1.10, 6;
    %dup/vec4;
    %pushi/vec4 5, 0, 3;
    %cmp/u;
    %jmp/1 T_1.11, 6;
    %pushi/vec4 0, 0, 3;
    %assign/vec4 v0x63d5c7ce6670_0, 0;
    %jmp T_1.13;
T_1.6 ;
    %pushi/vec4 1, 0, 3;
    %assign/vec4 v0x63d5c7ce6670_0, 0;
    %jmp T_1.13;
T_1.7 ;
    %pushi/vec4 2, 0, 3;
    %assign/vec4 v0x63d5c7ce6670_0, 0;
    %jmp T_1.13;
T_1.8 ;
    %pushi/vec4 3, 0, 3;
    %assign/vec4 v0x63d5c7ce6670_0, 0;
    %jmp T_1.13;
T_1.9 ;
    %pushi/vec4 4, 0, 3;
    %assign/vec4 v0x63d5c7ce6670_0, 0;
    %pushi/vec4 0, 0, 1;
    %assign/vec4 v0x63d5c7ce6180_0, 0;
    %jmp T_1.13;
T_1.10 ;
    %pushi/vec4 5, 0, 3;
    %assign/vec4 v0x63d5c7ce6670_0, 0;
    %jmp T_1.13;
T_1.11 ;
    %pushi/vec4 0, 0, 3;
    %assign/vec4 v0x63d5c7ce6670_0, 0;
    %jmp T_1.13;
T_1.13 ;
    %pop/vec4 1;
    %jmp T_1.5;
T_1.4 ;
    %load/vec4 v0x63d5c7ce6830_0;
    %addi 1, 0, 4;
    %assign/vec4 v0x63d5c7ce6830_0, 0;
T_1.5 ;
T_1.1 ;
    %jmp T_1;
    .thread T_1;
    .scope S_0x63d5c7cc4d30;
T_2 ;
    %pushi/vec4 0, 0, 1;
    %store/vec4 v0x63d5c7ce7050_0, 0, 1;
T_2.0 ;
    %delay 5000, 0;
    %load/vec4 v0x63d5c7ce7050_0;
    %inv;
    %store/vec4 v0x63d5c7ce7050_0, 0, 1;
    %jmp T_2.0;
    %end;
    .thread T_2;
    .scope S_0x63d5c7cc4d30;
T_3 ;
    %vpi_call 2 37 "$dumpfile", "school_zone_controller.vcd" {0 0 0};
    %vpi_call 2 38 "$dumpvars", 32'sb00000000000000000000000000000000, S_0x63d5c7cc4d30 {0 0 0};
    %vpi_call 2 40 "$display", "time reset ped school state timer main side walk warn safe" {0 0 0};
    %vpi_call 2 41 "$monitor", "%4t   %b    %b     %b     %d     %d   %b  %b   %b    %b    %b", $time, v0x63d5c7ce7230_0, v0x63d5c7ce7190_0, v0x63d5c7ce7470_0, v0x63d5c7ce7610_0, v0x63d5c7ce76e0_0, v0x63d5c7ce70f0_0, v0x63d5c7ce7540_0, v0x63d5c7ce77b0_0, v0x63d5c7ce73a0_0, v0x63d5c7ce7300_0 {0 0 0};
    %pushi/vec4 1, 0, 1;
    %store/vec4 v0x63d5c7ce7230_0, 0, 1;
    %pushi/vec4 0, 0, 1;
    %store/vec4 v0x63d5c7ce7190_0, 0, 1;
    %pushi/vec4 0, 0, 1;
    %store/vec4 v0x63d5c7ce7470_0, 0, 1;
    %delay 12000, 0;
    %pushi/vec4 0, 0, 1;
    %store/vec4 v0x63d5c7ce7230_0, 0, 1;
    %delay 190000, 0;
    %pushi/vec4 1, 0, 1;
    %store/vec4 v0x63d5c7ce7190_0, 0, 1;
    %delay 20000, 0;
    %pushi/vec4 0, 0, 1;
    %store/vec4 v0x63d5c7ce7190_0, 0, 1;
    %delay 90000, 0;
    %pushi/vec4 1, 0, 1;
    %store/vec4 v0x63d5c7ce7470_0, 0, 1;
    %delay 70000, 0;
    %pushi/vec4 1, 0, 1;
    %store/vec4 v0x63d5c7ce7190_0, 0, 1;
    %delay 10000, 0;
    %pushi/vec4 0, 0, 1;
    %store/vec4 v0x63d5c7ce7190_0, 0, 1;
    %delay 80000, 0;
    %pushi/vec4 1, 0, 1;
    %store/vec4 v0x63d5c7ce7230_0, 0, 1;
    %delay 10000, 0;
    %pushi/vec4 0, 0, 1;
    %store/vec4 v0x63d5c7ce7230_0, 0, 1;
    %pushi/vec4 0, 0, 1;
    %store/vec4 v0x63d5c7ce7470_0, 0, 1;
    %delay 60000, 0;
    %vpi_call 2 72 "$finish" {0 0 0};
    %end;
    .thread T_3;
# The file index is used to find the file name in the following table.
:file_names 4;
    "N/A";
    "<interactive>";
    "tb_school_zone_controller.v";
    "school_zone_controller.v";
