#! /usr/bin/vvp
:ivl_version "12.0 (stable)";
:ivl_delay_selection "TYPICAL";
:vpi_time_precision - 12;
:vpi_module "/usr/lib/x86_64-linux-gnu/ivl/system.vpi";
:vpi_module "/usr/lib/x86_64-linux-gnu/ivl/vhdl_sys.vpi";
:vpi_module "/usr/lib/x86_64-linux-gnu/ivl/vhdl_textio.vpi";
:vpi_module "/usr/lib/x86_64-linux-gnu/ivl/v2005_math.vpi";
:vpi_module "/usr/lib/x86_64-linux-gnu/ivl/va_math.vpi";
S_0x6456d0691490 .scope module, "tb_compare_alu" "tb_compare_alu" 2 3;
 .timescale -9 -12;
v0x6456d06e9de0_0 .var "a", 3 0;
v0x6456d06e9f10_0 .var "b", 3 0;
v0x6456d06ea020_0 .net "eq", 0 0, L_0x6456d06ea560;  1 drivers
v0x6456d06ea0c0_0 .net "gt", 0 0, L_0x6456d06ea600;  1 drivers
v0x6456d06ea160_0 .var/i "i", 31 0;
v0x6456d06ea250_0 .net "lt", 0 0, L_0x6456d06ea780;  1 drivers
v0x6456d06ea2f0_0 .var "op", 2 0;
v0x6456d06ea3c0_0 .net "result", 3 0, v0x6456d06e9500_0;  1 drivers
v0x6456d06ea490_0 .net "zero", 0 0, L_0x6456d06ea820;  1 drivers
S_0x6456d0691620 .scope module, "alu" "alu4" 2 16, 3 15 0, S_0x6456d0691490;
 .timescale -9 -12;
    .port_info 0 /INPUT 4 "a";
    .port_info 1 /INPUT 4 "b";
    .port_info 2 /INPUT 3 "op";
    .port_info 3 /OUTPUT 4 "result";
    .port_info 4 /OUTPUT 1 "zero";
L_0x7d3328db7018 .functor BUFT 1, C4<0000>, C4<0>, C4<0>, C4<0>;
v0x6456d0691800_0 .net/2u *"_ivl_0", 3 0, L_0x7d3328db7018;  1 drivers
v0x6456d06e9280_0 .net "a", 3 0, v0x6456d06e9de0_0;  1 drivers
v0x6456d06e9360_0 .net "b", 3 0, v0x6456d06e9f10_0;  1 drivers
v0x6456d06e9420_0 .net "op", 2 0, v0x6456d06ea2f0_0;  1 drivers
v0x6456d06e9500_0 .var "result", 3 0;
v0x6456d06e9630_0 .net "zero", 0 0, L_0x6456d06ea820;  alias, 1 drivers
E_0x6456d06cc2d0 .event anyedge, v0x6456d06e9420_0, v0x6456d06e9280_0, v0x6456d06e9360_0;
L_0x6456d06ea820 .cmp/eq 4, v0x6456d06e9500_0, L_0x7d3328db7018;
S_0x6456d06e9790 .scope module, "cmp" "comparator4" 2 15, 3 3 0, S_0x6456d0691490;
 .timescale -9 -12;
    .port_info 0 /INPUT 4 "a";
    .port_info 1 /INPUT 4 "b";
    .port_info 2 /OUTPUT 1 "eq";
    .port_info 3 /OUTPUT 1 "gt";
    .port_info 4 /OUTPUT 1 "lt";
v0x6456d06e9990_0 .net "a", 3 0, v0x6456d06e9de0_0;  alias, 1 drivers
v0x6456d06e9a50_0 .net "b", 3 0, v0x6456d06e9f10_0;  alias, 1 drivers
v0x6456d06e9af0_0 .net "eq", 0 0, L_0x6456d06ea560;  alias, 1 drivers
v0x6456d06e9b90_0 .net "gt", 0 0, L_0x6456d06ea600;  alias, 1 drivers
v0x6456d06e9c30_0 .net "lt", 0 0, L_0x6456d06ea780;  alias, 1 drivers
L_0x6456d06ea560 .cmp/eq 4, v0x6456d06e9de0_0, v0x6456d06e9f10_0;
L_0x6456d06ea600 .cmp/gt 4, v0x6456d06e9de0_0, v0x6456d06e9f10_0;
L_0x6456d06ea780 .cmp/gt 4, v0x6456d06e9f10_0, v0x6456d06e9de0_0;
    .scope S_0x6456d0691620;
T_0 ;
    %wait E_0x6456d06cc2d0;
    %load/vec4 v0x6456d06e9420_0;
    %dup/vec4;
    %pushi/vec4 0, 0, 3;
    %cmp/u;
    %jmp/1 T_0.0, 6;
    %dup/vec4;
    %pushi/vec4 1, 0, 3;
    %cmp/u;
    %jmp/1 T_0.1, 6;
    %dup/vec4;
    %pushi/vec4 2, 0, 3;
    %cmp/u;
    %jmp/1 T_0.2, 6;
    %dup/vec4;
    %pushi/vec4 3, 0, 3;
    %cmp/u;
    %jmp/1 T_0.3, 6;
    %dup/vec4;
    %pushi/vec4 4, 0, 3;
    %cmp/u;
    %jmp/1 T_0.4, 6;
    %pushi/vec4 0, 0, 4;
    %store/vec4 v0x6456d06e9500_0, 0, 4;
    %jmp T_0.6;
T_0.0 ;
    %load/vec4 v0x6456d06e9280_0;
    %load/vec4 v0x6456d06e9360_0;
    %add;
    %store/vec4 v0x6456d06e9500_0, 0, 4;
    %jmp T_0.6;
T_0.1 ;
    %load/vec4 v0x6456d06e9280_0;
    %load/vec4 v0x6456d06e9360_0;
    %sub;
    %store/vec4 v0x6456d06e9500_0, 0, 4;
    %jmp T_0.6;
T_0.2 ;
    %load/vec4 v0x6456d06e9280_0;
    %load/vec4 v0x6456d06e9360_0;
    %and;
    %store/vec4 v0x6456d06e9500_0, 0, 4;
    %jmp T_0.6;
T_0.3 ;
    %load/vec4 v0x6456d06e9280_0;
    %load/vec4 v0x6456d06e9360_0;
    %or;
    %store/vec4 v0x6456d06e9500_0, 0, 4;
    %jmp T_0.6;
T_0.4 ;
    %load/vec4 v0x6456d06e9280_0;
    %inv;
    %store/vec4 v0x6456d06e9500_0, 0, 4;
    %jmp T_0.6;
T_0.6 ;
    %pop/vec4 1;
    %jmp T_0;
    .thread T_0, $push;
    .scope S_0x6456d0691490;
T_1 ;
    %vpi_call 2 19 "$dumpfile", "lab05_compare_alu.vcd" {0 0 0};
    %vpi_call 2 20 "$dumpvars", 32'sb00000000000000000000000000000000, S_0x6456d0691490 {0 0 0};
    %pushi/vec4 9, 0, 4;
    %store/vec4 v0x6456d06e9de0_0, 0, 4;
    %pushi/vec4 3, 0, 4;
    %store/vec4 v0x6456d06e9f10_0, 0, 4;
    %vpi_call 2 24 "$display", "a b op  | result zero eq gt lt" {0 0 0};
    %pushi/vec4 0, 0, 32;
    %store/vec4 v0x6456d06ea160_0, 0, 32;
T_1.0 ;
    %load/vec4 v0x6456d06ea160_0;
    %cmpi/s 4, 0, 32;
    %jmp/0xz T_1.1, 5;
    %load/vec4 v0x6456d06ea160_0;
    %parti/s 3, 0, 2;
    %store/vec4 v0x6456d06ea2f0_0, 0, 3;
    %delay 10000, 0;
    %vpi_call 2 29 "$display", "%d %d %b |   %d     %b   %b  %b  %b", v0x6456d06e9de0_0, v0x6456d06e9f10_0, v0x6456d06ea2f0_0, v0x6456d06ea3c0_0, v0x6456d06ea490_0, v0x6456d06ea020_0, v0x6456d06ea0c0_0, v0x6456d06ea250_0 {0 0 0};
    %load/vec4 v0x6456d06ea160_0;
    %addi 1, 0, 32;
    %store/vec4 v0x6456d06ea160_0, 0, 32;
    %jmp T_1.0;
T_1.1 ;
    %pushi/vec4 5, 0, 4;
    %store/vec4 v0x6456d06e9de0_0, 0, 4;
    %pushi/vec4 5, 0, 4;
    %store/vec4 v0x6456d06e9f10_0, 0, 4;
    %pushi/vec4 1, 0, 3;
    %store/vec4 v0x6456d06ea2f0_0, 0, 3;
    %delay 10000, 0;
    %vpi_call 2 37 "$display", "%d %d %b |   %d     %b   %b  %b  %b", v0x6456d06e9de0_0, v0x6456d06e9f10_0, v0x6456d06ea2f0_0, v0x6456d06ea3c0_0, v0x6456d06ea490_0, v0x6456d06ea020_0, v0x6456d06ea0c0_0, v0x6456d06ea250_0 {0 0 0};
    %pushi/vec4 10, 0, 4;
    %store/vec4 v0x6456d06e9de0_0, 0, 4;
    %pushi/vec4 0, 0, 4;
    %store/vec4 v0x6456d06e9f10_0, 0, 4;
    %pushi/vec4 4, 0, 3;
    %store/vec4 v0x6456d06ea2f0_0, 0, 3;
    %delay 10000, 0;
    %vpi_call 2 44 "$display", "%d %d %b |   %d     %b   %b  %b  %b", v0x6456d06e9de0_0, v0x6456d06e9f10_0, v0x6456d06ea2f0_0, v0x6456d06ea3c0_0, v0x6456d06ea490_0, v0x6456d06ea020_0, v0x6456d06ea0c0_0, v0x6456d06ea250_0 {0 0 0};
    %vpi_call 2 47 "$finish" {0 0 0};
    %end;
    .thread T_1;
# The file index is used to find the file name in the following table.
:file_names 4;
    "N/A";
    "<interactive>";
    "tb_compare_alu.v";
    "compare_alu.v";
