#! /usr/bin/vvp
:ivl_version "12.0 (stable)";
:ivl_delay_selection "TYPICAL";
:vpi_time_precision - 12;
:vpi_module "/usr/lib/x86_64-linux-gnu/ivl/system.vpi";
:vpi_module "/usr/lib/x86_64-linux-gnu/ivl/vhdl_sys.vpi";
:vpi_module "/usr/lib/x86_64-linux-gnu/ivl/vhdl_textio.vpi";
:vpi_module "/usr/lib/x86_64-linux-gnu/ivl/v2005_math.vpi";
:vpi_module "/usr/lib/x86_64-linux-gnu/ivl/va_math.vpi";
S_0x5b94a364b290 .scope module, "tb_shift_register" "tb_shift_register" 2 3;
 .timescale -9 -12;
v0x5b94a3665f40_0 .var "clk", 0 0;
v0x5b94a3666000_0 .var "direction", 0 0;
v0x5b94a36660d0_0 .var "load", 0 0;
v0x5b94a36661d0_0 .var "parallel_in", 3 0;
v0x5b94a36662a0_0 .net "q", 3 0, v0x5b94a3665b20_0;  1 drivers
v0x5b94a3666340_0 .var "reset", 0 0;
v0x5b94a3666410_0 .var "serial_in", 0 0;
v0x5b94a36664e0_0 .net "serial_out", 0 0, L_0x5b94a3666770;  1 drivers
S_0x5b94a364b420 .scope module, "uut" "shift_register4" 2 13, 3 3 0, S_0x5b94a364b290;
 .timescale -9 -12;
    .port_info 0 /INPUT 1 "clk";
    .port_info 1 /INPUT 1 "reset";
    .port_info 2 /INPUT 1 "load";
    .port_info 3 /INPUT 1 "direction";
    .port_info 4 /INPUT 1 "serial_in";
    .port_info 5 /INPUT 4 "parallel_in";
    .port_info 6 /OUTPUT 4 "q";
    .port_info 7 /OUTPUT 1 "serial_out";
v0x5b94a360f490_0 .net *"_ivl_1", 0 0, L_0x5b94a36665b0;  1 drivers
v0x5b94a36656f0_0 .net *"_ivl_3", 0 0, L_0x5b94a36666d0;  1 drivers
v0x5b94a36657d0_0 .net "clk", 0 0, v0x5b94a3665f40_0;  1 drivers
v0x5b94a3665870_0 .net "direction", 0 0, v0x5b94a3666000_0;  1 drivers
v0x5b94a3665930_0 .net "load", 0 0, v0x5b94a36660d0_0;  1 drivers
v0x5b94a3665a40_0 .net "parallel_in", 3 0, v0x5b94a36661d0_0;  1 drivers
v0x5b94a3665b20_0 .var "q", 3 0;
v0x5b94a3665c00_0 .net "reset", 0 0, v0x5b94a3666340_0;  1 drivers
v0x5b94a3665cc0_0 .net "serial_in", 0 0, v0x5b94a3666410_0;  1 drivers
v0x5b94a3665d80_0 .net "serial_out", 0 0, L_0x5b94a3666770;  alias, 1 drivers
E_0x5b94a3648c20 .event posedge, v0x5b94a36657d0_0;
L_0x5b94a36665b0 .part v0x5b94a3665b20_0, 3, 1;
L_0x5b94a36666d0 .part v0x5b94a3665b20_0, 0, 1;
L_0x5b94a3666770 .functor MUXZ 1, L_0x5b94a36666d0, L_0x5b94a36665b0, v0x5b94a3666000_0, C4<>;
    .scope S_0x5b94a364b420;
T_0 ;
    %wait E_0x5b94a3648c20;
    %load/vec4 v0x5b94a3665c00_0;
    %flag_set/vec4 8;
    %jmp/0xz  T_0.0, 8;
    %pushi/vec4 0, 0, 4;
    %assign/vec4 v0x5b94a3665b20_0, 0;
    %jmp T_0.1;
T_0.0 ;
    %load/vec4 v0x5b94a3665930_0;
    %flag_set/vec4 8;
    %jmp/0xz  T_0.2, 8;
    %load/vec4 v0x5b94a3665a40_0;
    %assign/vec4 v0x5b94a3665b20_0, 0;
    %jmp T_0.3;
T_0.2 ;
    %load/vec4 v0x5b94a3665870_0;
    %flag_set/vec4 8;
    %jmp/0xz  T_0.4, 8;
    %load/vec4 v0x5b94a3665b20_0;
    %parti/s 3, 0, 2;
    %load/vec4 v0x5b94a3665cc0_0;
    %concat/vec4; draw_concat_vec4
    %assign/vec4 v0x5b94a3665b20_0, 0;
    %jmp T_0.5;
T_0.4 ;
    %load/vec4 v0x5b94a3665cc0_0;
    %load/vec4 v0x5b94a3665b20_0;
    %parti/s 3, 1, 2;
    %concat/vec4; draw_concat_vec4
    %assign/vec4 v0x5b94a3665b20_0, 0;
T_0.5 ;
T_0.3 ;
T_0.1 ;
    %jmp T_0;
    .thread T_0;
    .scope S_0x5b94a364b290;
T_1 ;
    %pushi/vec4 0, 0, 1;
    %store/vec4 v0x5b94a3665f40_0, 0, 1;
T_1.0 ;
    %delay 5000, 0;
    %load/vec4 v0x5b94a3665f40_0;
    %inv;
    %store/vec4 v0x5b94a3665f40_0, 0, 1;
    %jmp T_1.0;
    %end;
    .thread T_1;
    .scope S_0x5b94a364b290;
T_2 ;
    %vpi_call 2 30 "$dumpfile", "lab08_shift_register.vcd" {0 0 0};
    %vpi_call 2 31 "$dumpvars", 32'sb00000000000000000000000000000000, S_0x5b94a364b290 {0 0 0};
    %vpi_call 2 33 "$display", "time reset load direction serial_in parallel_in | q    serial_out" {0 0 0};
    %vpi_call 2 34 "$monitor", "%4t   %b     %b      %b          %b       %b    | %b      %b", $time, v0x5b94a3666340_0, v0x5b94a36660d0_0, v0x5b94a3666000_0, v0x5b94a3666410_0, v0x5b94a36661d0_0, v0x5b94a36662a0_0, v0x5b94a36664e0_0 {0 0 0};
    %pushi/vec4 1, 0, 1;
    %store/vec4 v0x5b94a3666340_0, 0, 1;
    %pushi/vec4 0, 0, 1;
    %store/vec4 v0x5b94a36660d0_0, 0, 1;
    %pushi/vec4 0, 0, 1;
    %store/vec4 v0x5b94a3666000_0, 0, 1;
    %pushi/vec4 0, 0, 1;
    %store/vec4 v0x5b94a3666410_0, 0, 1;
    %pushi/vec4 11, 0, 4;
    %store/vec4 v0x5b94a36661d0_0, 0, 4;
    %delay 12000, 0;
    %pushi/vec4 0, 0, 1;
    %store/vec4 v0x5b94a3666340_0, 0, 1;
    %pushi/vec4 1, 0, 1;
    %store/vec4 v0x5b94a36660d0_0, 0, 1;
    %delay 10000, 0;
    %pushi/vec4 0, 0, 1;
    %store/vec4 v0x5b94a36660d0_0, 0, 1;
    %pushi/vec4 1, 0, 1;
    %store/vec4 v0x5b94a3666410_0, 0, 1;
    %delay 20000, 0;
    %pushi/vec4 0, 0, 1;
    %store/vec4 v0x5b94a3666410_0, 0, 1;
    %delay 20000, 0;
    %pushi/vec4 1, 0, 1;
    %store/vec4 v0x5b94a3666410_0, 0, 1;
    %delay 20000, 0;
    %pushi/vec4 1, 0, 1;
    %store/vec4 v0x5b94a36660d0_0, 0, 1;
    %pushi/vec4 1, 0, 1;
    %store/vec4 v0x5b94a3666000_0, 0, 1;
    %pushi/vec4 11, 0, 4;
    %store/vec4 v0x5b94a36661d0_0, 0, 4;
    %pushi/vec4 0, 0, 1;
    %store/vec4 v0x5b94a3666410_0, 0, 1;
    %delay 10000, 0;
    %pushi/vec4 0, 0, 1;
    %store/vec4 v0x5b94a36660d0_0, 0, 1;
    %pushi/vec4 1, 0, 1;
    %store/vec4 v0x5b94a3666410_0, 0, 1;
    %delay 20000, 0;
    %pushi/vec4 0, 0, 1;
    %store/vec4 v0x5b94a3666410_0, 0, 1;
    %delay 20000, 0;
    %vpi_call 2 71 "$finish" {0 0 0};
    %end;
    .thread T_2;
# The file index is used to find the file name in the following table.
:file_names 4;
    "N/A";
    "<interactive>";
    "tb_shift_register.v";
    "shift_register.v";
