#! /usr/bin/vvp
:ivl_version "12.0 (stable)";
:ivl_delay_selection "TYPICAL";
:vpi_time_precision - 12;
:vpi_module "/usr/lib/x86_64-linux-gnu/ivl/system.vpi";
:vpi_module "/usr/lib/x86_64-linux-gnu/ivl/vhdl_sys.vpi";
:vpi_module "/usr/lib/x86_64-linux-gnu/ivl/vhdl_textio.vpi";
:vpi_module "/usr/lib/x86_64-linux-gnu/ivl/v2005_math.vpi";
:vpi_module "/usr/lib/x86_64-linux-gnu/ivl/va_math.vpi";
S_0x564fbb7b5190 .scope module, "tb_sequence_detector" "tb_sequence_detector" 2 3;
 .timescale -9 -12;
v0x564fbb7cbf20_0 .var "bit_in", 0 0;
v0x564fbb7cbfe0_0 .var "clk", 0 0;
v0x564fbb7cc0b0_0 .net "detected", 0 0, v0x564fbb7cbb00_0;  1 drivers
v0x564fbb7cc1b0_0 .var/i "i", 31 0;
v0x564fbb7cc250_0 .var "reset", 0 0;
v0x564fbb7cc340_0 .var "stream", 15 0;
S_0x564fbb7b5320 .scope module, "uut" "sequence_detector_1101" 2 12, 3 3 0, S_0x564fbb7b5190;
 .timescale -9 -12;
    .port_info 0 /INPUT 1 "clk";
    .port_info 1 /INPUT 1 "reset";
    .port_info 2 /INPUT 1 "bit_in";
    .port_info 3 /OUTPUT 1 "detected";
P_0x564fbb778490 .param/l "S_1" 1 3 10, C4<001>;
P_0x564fbb7784d0 .param/l "S_11" 1 3 11, C4<010>;
P_0x564fbb778510 .param/l "S_110" 1 3 12, C4<011>;
P_0x564fbb778550 .param/l "S_1101" 1 3 13, C4<100>;
P_0x564fbb778590 .param/l "S_RESET" 1 3 9, C4<000>;
v0x564fbb7b5500_0 .net "bit_in", 0 0, v0x564fbb7cbf20_0;  1 drivers
v0x564fbb7cba40_0 .net "clk", 0 0, v0x564fbb7cbfe0_0;  1 drivers
v0x564fbb7cbb00_0 .var "detected", 0 0;
v0x564fbb7cbbd0_0 .var "next_state", 2 0;
v0x564fbb7cbcb0_0 .net "reset", 0 0, v0x564fbb7cc250_0;  1 drivers
v0x564fbb7cbdc0_0 .var "state", 2 0;
E_0x564fbb7796c0 .event posedge, v0x564fbb7cbcb0_0, v0x564fbb7cba40_0;
E_0x564fbb779080 .event anyedge, v0x564fbb7cbdc0_0;
E_0x564fbb7b1f00 .event anyedge, v0x564fbb7cbdc0_0, v0x564fbb7b5500_0;
    .scope S_0x564fbb7b5320;
T_0 ;
    %wait E_0x564fbb7b1f00;
    %load/vec4 v0x564fbb7cbdc0_0;
    %dup/vec4;
    %pushi/vec4 0, 0, 3;
    %cmp/u;
    %jmp/1 T_0.0, 6;
    %dup/vec4;
    %pushi/vec4 1, 0, 3;
    %cmp/u;
    %jmp/1 T_0.1, 6;
    %dup/vec4;
    %pushi/vec4 2, 0, 3;
    %cmp/u;
    %jmp/1 T_0.2, 6;
    %dup/vec4;
    %pushi/vec4 3, 0, 3;
    %cmp/u;
    %jmp/1 T_0.3, 6;
    %dup/vec4;
    %pushi/vec4 4, 0, 3;
    %cmp/u;
    %jmp/1 T_0.4, 6;
    %pushi/vec4 0, 0, 3;
    %store/vec4 v0x564fbb7cbbd0_0, 0, 3;
    %jmp T_0.6;
T_0.0 ;
    %load/vec4 v0x564fbb7b5500_0;
    %flag_set/vec4 8;
    %jmp/0 T_0.7, 8;
    %pushi/vec4 1, 0, 3;
    %jmp/1 T_0.8, 8;
T_0.7 ; End of true expr.
    %pushi/vec4 0, 0, 3;
    %jmp/0 T_0.8, 8;
 ; End of false expr.
    %blend;
T_0.8;
    %store/vec4 v0x564fbb7cbbd0_0, 0, 3;
    %jmp T_0.6;
T_0.1 ;
    %load/vec4 v0x564fbb7b5500_0;
    %flag_set/vec4 8;
    %jmp/0 T_0.9, 8;
    %pushi/vec4 2, 0, 3;
    %jmp/1 T_0.10, 8;
T_0.9 ; End of true expr.
    %pushi/vec4 0, 0, 3;
    %jmp/0 T_0.10, 8;
 ; End of false expr.
    %blend;
T_0.10;
    %store/vec4 v0x564fbb7cbbd0_0, 0, 3;
    %jmp T_0.6;
T_0.2 ;
    %load/vec4 v0x564fbb7b5500_0;
    %flag_set/vec4 8;
    %jmp/0 T_0.11, 8;
    %pushi/vec4 2, 0, 3;
    %jmp/1 T_0.12, 8;
T_0.11 ; End of true expr.
    %pushi/vec4 3, 0, 3;
    %jmp/0 T_0.12, 8;
 ; End of false expr.
    %blend;
T_0.12;
    %store/vec4 v0x564fbb7cbbd0_0, 0, 3;
    %jmp T_0.6;
T_0.3 ;
    %load/vec4 v0x564fbb7b5500_0;
    %flag_set/vec4 8;
    %jmp/0 T_0.13, 8;
    %pushi/vec4 4, 0, 3;
    %jmp/1 T_0.14, 8;
T_0.13 ; End of true expr.
    %pushi/vec4 0, 0, 3;
    %jmp/0 T_0.14, 8;
 ; End of false expr.
    %blend;
T_0.14;
    %store/vec4 v0x564fbb7cbbd0_0, 0, 3;
    %jmp T_0.6;
T_0.4 ;
    %load/vec4 v0x564fbb7b5500_0;
    %flag_set/vec4 8;
    %jmp/0 T_0.15, 8;
    %pushi/vec4 2, 0, 3;
    %jmp/1 T_0.16, 8;
T_0.15 ; End of true expr.
    %pushi/vec4 0, 0, 3;
    %jmp/0 T_0.16, 8;
 ; End of false expr.
    %blend;
T_0.16;
    %store/vec4 v0x564fbb7cbbd0_0, 0, 3;
    %jmp T_0.6;
T_0.6 ;
    %pop/vec4 1;
    %jmp T_0;
    .thread T_0, $push;
    .scope S_0x564fbb7b5320;
T_1 ;
    %wait E_0x564fbb779080;
    %load/vec4 v0x564fbb7cbdc0_0;
    %pushi/vec4 4, 0, 3;
    %cmp/e;
    %flag_get/vec4 4;
    %store/vec4 v0x564fbb7cbb00_0, 0, 1;
    %jmp T_1;
    .thread T_1, $push;
    .scope S_0x564fbb7b5320;
T_2 ;
    %wait E_0x564fbb7796c0;
    %load/vec4 v0x564fbb7cbcb0_0;
    %flag_set/vec4 8;
    %jmp/0xz  T_2.0, 8;
    %pushi/vec4 0, 0, 3;
    %assign/vec4 v0x564fbb7cbdc0_0, 0;
    %jmp T_2.1;
T_2.0 ;
    %load/vec4 v0x564fbb7cbbd0_0;
    %assign/vec4 v0x564fbb7cbdc0_0, 0;
T_2.1 ;
    %jmp T_2;
    .thread T_2;
    .scope S_0x564fbb7b5190;
T_3 ;
    %pushi/vec4 0, 0, 1;
    %store/vec4 v0x564fbb7cbfe0_0, 0, 1;
T_3.0 ;
    %delay 5000, 0;
    %load/vec4 v0x564fbb7cbfe0_0;
    %inv;
    %store/vec4 v0x564fbb7cbfe0_0, 0, 1;
    %jmp T_3.0;
    %end;
    .thread T_3;
    .scope S_0x564fbb7b5190;
T_4 ;
    %vpi_call 2 25 "$dumpfile", "lab09_sequence_detector.vcd" {0 0 0};
    %vpi_call 2 26 "$dumpvars", 32'sb00000000000000000000000000000000, S_0x564fbb7b5190 {0 0 0};
    %pushi/vec4 1, 0, 1;
    %store/vec4 v0x564fbb7cc250_0, 0, 1;
    %pushi/vec4 0, 0, 1;
    %store/vec4 v0x564fbb7cbf20_0, 0, 1;
    %pushi/vec4 55005, 0, 16;
    %store/vec4 v0x564fbb7cc340_0, 0, 16;
    %delay 12000, 0;
    %pushi/vec4 0, 0, 1;
    %store/vec4 v0x564fbb7cc250_0, 0, 1;
    %pushi/vec4 15, 0, 32;
    %store/vec4 v0x564fbb7cc1b0_0, 0, 32;
T_4.0 ;
    %load/vec4 v0x564fbb7cc1b0_0;
    %cmpi/s 0, 0, 32;
    %flag_inv 5; GE is !LT
    %jmp/0xz T_4.1, 5;
    %load/vec4 v0x564fbb7cc340_0;
    %load/vec4 v0x564fbb7cc1b0_0;
    %part/s 1;
    %store/vec4 v0x564fbb7cbf20_0, 0, 1;
    %delay 10000, 0;
    %vpi_call 2 37 "$display", "bit=%b detected=%b", v0x564fbb7cbf20_0, v0x564fbb7cc0b0_0 {0 0 0};
    %load/vec4 v0x564fbb7cc1b0_0;
    %subi 1, 0, 32;
    %store/vec4 v0x564fbb7cc1b0_0, 0, 32;
    %jmp T_4.0;
T_4.1 ;
    %vpi_call 2 40 "$finish" {0 0 0};
    %end;
    .thread T_4;
# The file index is used to find the file name in the following table.
:file_names 4;
    "N/A";
    "<interactive>";
    "tb_sequence_detector.v";
    "sequence_detector.v";
