#! /usr/bin/vvp
:ivl_version "12.0 (stable)";
:ivl_delay_selection "TYPICAL";
:vpi_time_precision - 12;
:vpi_module "/usr/lib/x86_64-linux-gnu/ivl/system.vpi";
:vpi_module "/usr/lib/x86_64-linux-gnu/ivl/vhdl_sys.vpi";
:vpi_module "/usr/lib/x86_64-linux-gnu/ivl/vhdl_textio.vpi";
:vpi_module "/usr/lib/x86_64-linux-gnu/ivl/v2005_math.vpi";
:vpi_module "/usr/lib/x86_64-linux-gnu/ivl/va_math.vpi";
S_0x558bea4a4490 .scope module, "tb_latch_flipflop" "tb_latch_flipflop" 2 3;
 .timescale -9 -12;
v0x558bea4f7390_0 .var "clk", 0 0;
v0x558bea4f7460_0 .var "d", 0 0;
v0x558bea4f7550_0 .var "enable", 0 0;
v0x558bea4f7620_0 .net "q_ff", 0 0, v0x558bea4f6c10_0;  1 drivers
v0x558bea4f76f0_0 .net "q_latch", 0 0, v0x558bea4f7240_0;  1 drivers
v0x558bea4f77e0_0 .var "reset", 0 0;
S_0x558bea4a4620 .scope module, "ff0" "d_flip_flop" 2 12, 3 15 0, S_0x558bea4a4490;
 .timescale -9 -12;
    .port_info 0 /INPUT 1 "d";
    .port_info 1 /INPUT 1 "clk";
    .port_info 2 /INPUT 1 "reset";
    .port_info 3 /OUTPUT 1 "q";
v0x558bea4df700_0 .net "clk", 0 0, v0x558bea4f7390_0;  1 drivers
v0x558bea4f6b50_0 .net "d", 0 0, v0x558bea4f7460_0;  1 drivers
v0x558bea4f6c10_0 .var "q", 0 0;
v0x558bea4f6ce0_0 .net "reset", 0 0, v0x558bea4f77e0_0;  1 drivers
E_0x558bea4de1a0/0 .event negedge, v0x558bea4f6ce0_0;
E_0x558bea4de1a0/1 .event posedge, v0x558bea4df700_0;
E_0x558bea4de1a0 .event/or E_0x558bea4de1a0/0, E_0x558bea4de1a0/1;
S_0x558bea4f6e50 .scope module, "latch0" "d_latch" 2 11, 3 3 0, S_0x558bea4a4490;
 .timescale -9 -12;
    .port_info 0 /INPUT 1 "d";
    .port_info 1 /INPUT 1 "enable";
    .port_info 2 /OUTPUT 1 "q";
v0x558bea4f70e0_0 .net "d", 0 0, v0x558bea4f7460_0;  alias, 1 drivers
v0x558bea4f71a0_0 .net "enable", 0 0, v0x558bea4f7550_0;  1 drivers
v0x558bea4f7240_0 .var "q", 0 0;
E_0x558bea4ddf10 .event anyedge, v0x558bea4f71a0_0, v0x558bea4f6b50_0;
    .scope S_0x558bea4f6e50;
T_0 ;
    %wait E_0x558bea4ddf10;
    %load/vec4 v0x558bea4f71a0_0;
    %flag_set/vec4 8;
    %jmp/0xz  T_0.0, 8;
    %load/vec4 v0x558bea4f70e0_0;
    %store/vec4 v0x558bea4f7240_0, 0, 1;
T_0.0 ;
    %jmp T_0;
    .thread T_0, $push;
    .scope S_0x558bea4a4620;
T_1 ;
    %wait E_0x558bea4de1a0;
    %load/vec4 v0x558bea4f6ce0_0;
    %nor/r;
    %flag_set/vec4 8;
    %jmp/0xz  T_1.0, 8;
    %pushi/vec4 0, 0, 1;
    %assign/vec4 v0x558bea4f6c10_0, 0;
    %jmp T_1.1;
T_1.0 ;
    %load/vec4 v0x558bea4f6b50_0;
    %assign/vec4 v0x558bea4f6c10_0, 0;
T_1.1 ;
    %jmp T_1;
    .thread T_1;
    .scope S_0x558bea4a4490;
T_2 ;
    %pushi/vec4 0, 0, 1;
    %store/vec4 v0x558bea4f7390_0, 0, 1;
T_2.0 ;
    %delay 5000, 0;
    %load/vec4 v0x558bea4f7390_0;
    %inv;
    %store/vec4 v0x558bea4f7390_0, 0, 1;
    %jmp T_2.0;
    %end;
    .thread T_2;
    .scope S_0x558bea4a4490;
T_3 ;
    %vpi_call 2 20 "$dumpfile", "lab06_latch_flipflop.vcd" {0 0 0};
    %vpi_call 2 21 "$dumpvars", 32'sb00000000000000000000000000000000, S_0x558bea4a4490 {0 0 0};
    %vpi_call 2 23 "$display", "time d enable clk reset_n | q_latch q_ff" {0 0 0};
    %vpi_call 2 24 "$monitor", "%4t %b    %b     %b     %b    |    %b      %b", $time, v0x558bea4f7460_0, v0x558bea4f7550_0, v0x558bea4f7390_0, v0x558bea4f77e0_0, v0x558bea4f76f0_0, v0x558bea4f7620_0 {0 0 0};
    %pushi/vec4 0, 0, 1;
    %store/vec4 v0x558bea4f7460_0, 0, 1;
    %pushi/vec4 0, 0, 1;
    %store/vec4 v0x558bea4f7550_0, 0, 1;
    %pushi/vec4 0, 0, 1;
    %store/vec4 v0x558bea4f77e0_0, 0, 1;
    %delay 12000, 0;
    %pushi/vec4 1, 0, 1;
    %store/vec4 v0x558bea4f77e0_0, 0, 1;
    %pushi/vec4 1, 0, 1;
    %store/vec4 v0x558bea4f7550_0, 0, 1;
    %pushi/vec4 1, 0, 1;
    %store/vec4 v0x558bea4f7460_0, 0, 1;
    %delay 12000, 0;
    %pushi/vec4 0, 0, 1;
    %store/vec4 v0x558bea4f7460_0, 0, 1;
    %delay 8000, 0;
    %pushi/vec4 0, 0, 1;
    %store/vec4 v0x558bea4f7550_0, 0, 1;
    %pushi/vec4 1, 0, 1;
    %store/vec4 v0x558bea4f7460_0, 0, 1;
    %delay 20000, 0;
    %pushi/vec4 0, 0, 1;
    %store/vec4 v0x558bea4f77e0_0, 0, 1;
    %delay 7000, 0;
    %pushi/vec4 1, 0, 1;
    %store/vec4 v0x558bea4f77e0_0, 0, 1;
    %delay 5000, 0;
    %pushi/vec4 1, 0, 1;
    %store/vec4 v0x558bea4f7550_0, 0, 1;
    %pushi/vec4 0, 0, 1;
    %store/vec4 v0x558bea4f7460_0, 0, 1;
    %delay 8000, 0;
    %vpi_call 2 54 "$finish" {0 0 0};
    %end;
    .thread T_3;
# The file index is used to find the file name in the following table.
:file_names 4;
    "N/A";
    "<interactive>";
    "tb_latch_flipflop.v";
    "latch_flipflop.v";
